<?xml version="1.0" encoding="utf-8"?><testsuites name="pytest tests"><testsuite name="pytest" errors="0" failures="0" skipped="0" tests="18" time="8.646" timestamp="2026-05-11T22:25:21.629543+00:00" hostname="agent-env-42933b69-48df-4e0e-98d3-c2156e1af0b9"><testcase classname="backend.tests.test_closing_reports_backend.TestAutoRevenueOnCollect" name="test_collect_creates_pending_revenue_tx" time="4.122" /><testcase classname="backend.tests.test_closing_reports_backend.TestAutoRevenueOnCollect" name="test_collect_second_payment_creates_second_tx" time="0.227" /><testcase classname="backend.tests.test_closing_reports_backend.TestPassPayment" name="test_pass_day_records_outstanding" time="0.238" /><testcase classname="backend.tests.test_closing_reports_backend.TestClosingPreview" name="test_preview_returns_today_structure" time="0.103" /><testcase classname="backend.tests.test_closing_reports_backend.TestClosingPreview" name="test_preview_unauth_401" time="0.099" /><testcase classname="backend.tests.test_closing_reports_backend.TestCollectorClosingSubmit" name="test_collector_submit_shape" time="0.218" /><testcase classname="backend.tests.test_closing_reports_backend.TestCollectorClosingSubmit" name="test_duplicate_collector_submit_returns_400" time="0.229" /><testcase classname="backend.tests.test_closing_reports_backend.TestCollectorClosingSubmit" name="test_branch_manager_cannot_submit" time="0.112" /><testcase classname="backend.tests.test_closing_reports_backend.TestCollectorClosingSubmit" name="test_unauth_returns_401" time="0.110" /><testcase classname="backend.tests.test_closing_reports_backend.TestListClosingReports" name="test_admin_can_filter_by_type_and_date" time="0.105" /><testcase classname="backend.tests.test_closing_reports_backend.TestListClosingReports" name="test_fc_sees_only_own_reports" time="0.105" /><testcase classname="backend.tests.test_closing_reports_backend.TestBranchRollup" name="test_empty_ids_returns_400" time="0.136" /><testcase classname="backend.tests.test_closing_reports_backend.TestBranchRollup" name="test_unknown_id_returns_400" time="0.099" /><testcase classname="backend.tests.test_closing_reports_backend.TestBranchRollup" name="test_non_ba_cannot_submit_rollup" time="0.109" /><testcase classname="backend.tests.test_closing_reports_backend.TestE2EClosingFlow" name="test_full_flow_validates_linked_financial_txs" time="1.636" /><testcase classname="backend.tests.test_closing_reports_backend.TestRejectDecision" name="test_rejected_branch_does_not_flip_ftx" time="0.623" /><testcase classname="backend.tests.test_closing_reports_backend.TestHistoryByClient" name="test_history_shape_for_released_loan" time="0.138" /><testcase classname="backend.tests.test_closing_reports_backend.TestHistoryByClient" name="test_history_unauth" time="0.105" /></testsuite></testsuites>