<?xml version="1.0" encoding="utf-8"?><testsuites name="pytest tests"><testsuite name="pytest" errors="0" failures="0" skipped="0" tests="36" time="9.600" timestamp="2026-05-11T22:01:24.712886+00:00" hostname="agent-env-42933b69-48df-4e0e-98d3-c2156e1af0b9"><testcase classname="backend.tests.test_financial_backend.TestAuthAndRoles" name="test_balances_requires_auth" time="0.327" /><testcase classname="backend.tests.test_financial_backend.TestAuthAndRoles" name="test_list_tx_requires_auth" time="0.149" /><testcase classname="backend.tests.test_financial_backend.TestAuthAndRoles" name="test_create_tx_requires_auth" time="0.167" /><testcase classname="backend.tests.test_financial_backend.TestAuthAndRoles" name="test_validate_requires_auth" time="0.136" /><testcase classname="backend.tests.test_financial_backend.TestAuthAndRoles" name="test_transfer_requires_auth" time="0.207" /><testcase classname="backend.tests.test_financial_backend.TestAuthAndRoles" name="test_field_collector_forbidden_balances" time="0.530" /><testcase classname="backend.tests.test_financial_backend.TestAuthAndRoles" name="test_field_collector_forbidden_list" time="0.144" /><testcase classname="backend.tests.test_financial_backend.TestAuthAndRoles" name="test_field_collector_forbidden_create" time="0.136" /><testcase classname="backend.tests.test_financial_backend.TestAuthAndRoles" name="test_field_collector_forbidden_transfer" time="0.124" /><testcase classname="backend.tests.test_financial_backend.TestAuthAndRoles" name="test_am_forbidden_create" time="0.514" /><testcase classname="backend.tests.test_financial_backend.TestAuthAndRoles" name="test_am_forbidden_transfer" time="0.115" /><testcase classname="backend.tests.test_financial_backend.TestAuthAndRoles" name="test_ba_forbidden_transfer" time="0.490" /><testcase classname="backend.tests.test_financial_backend.TestAuthAndRoles" name="test_ba_allowed_balances" time="0.116" /><testcase classname="backend.tests.test_financial_backend.TestCreateValidation" name="test_invalid_type" time="0.124" /><testcase classname="backend.tests.test_financial_backend.TestCreateValidation" name="test_invalid_account" time="0.174" /><testcase classname="backend.tests.test_financial_backend.TestCreateValidation" name="test_zero_amount" time="0.118" /><testcase classname="backend.tests.test_financial_backend.TestCreateValidation" name="test_negative_amount" time="0.120" /><testcase classname="backend.tests.test_financial_backend.TestCreateAndValidate" name="test_ba_creates_pending" time="0.230" /><testcase classname="backend.tests.test_financial_backend.TestCreateAndValidate" name="test_admin_creates_auto_validated" time="0.457" /><testcase classname="backend.tests.test_financial_backend.TestCreateAndValidate" name="test_disbursement_cash_delta_signs" time="0.137" /><testcase classname="backend.tests.test_financial_backend.TestCreateAndValidate" name="test_revenue_bank_delta" time="0.128" /><testcase classname="backend.tests.test_financial_backend.TestCreateAndValidate" name="test_am_validates_pending" time="0.462" /><testcase classname="backend.tests.test_financial_backend.TestCreateAndValidate" name="test_am_rejects_pending" time="0.273" /><testcase classname="backend.tests.test_financial_backend.TestCreateAndValidate" name="test_ba_cannot_validate" time="0.243" /><testcase classname="backend.tests.test_financial_backend.TestTransfer" name="test_transfer_cash_to_bank" time="0.190" /><testcase classname="backend.tests.test_financial_backend.TestTransfer" name="test_transfer_bank_to_cash" time="0.137" /><testcase classname="backend.tests.test_financial_backend.TestTransfer" name="test_transfer_same_account" time="0.108" /><testcase classname="backend.tests.test_financial_backend.TestTransfer" name="test_transfer_invalid_account" time="0.121" /><testcase classname="backend.tests.test_financial_backend.TestTransfer" name="test_transfer_invalid_amount" time="0.125" /><testcase classname="backend.tests.test_financial_backend.TestBalances" name="test_balances_reflect_only_validated" time="0.660" /><testcase classname="backend.tests.test_financial_backend.TestBalances" name="test_rejected_does_not_affect" time="0.486" /><testcase classname="backend.tests.test_financial_backend.TestFilters" name="test_filter_by_status_pending" time="0.126" /><testcase classname="backend.tests.test_financial_backend.TestFilters" name="test_filter_by_type_revenue" time="0.170" /><testcase classname="backend.tests.test_financial_backend.TestFilters" name="test_filter_by_date_range" time="0.125" /><testcase classname="backend.tests.test_financial_backend.TestActivityLog" name="test_financial_events_logged" time="1.285" /><testcase classname="backend.tests.test_financial_backend.TestActivityLog" name="test_activity_log_admin_only" time="0.142" /></testsuite></testsuites>