<?xml version="1.0" encoding="utf-8"?><testsuites name="pytest tests"><testsuite name="pytest" errors="0" failures="1" skipped="0" tests="14" time="6.453" timestamp="2026-05-10T06:39:05.542073+00:00" hostname="agent-env-42933b69-48df-4e0e-98d3-c2156e1af0b9"><testcase classname="backend.tests.test_payments_backend" name="test_payments_require_auth[/payments/daily]" time="0.271" /><testcase classname="backend.tests.test_payments_backend" name="test_payments_require_auth[/payments/collect]" time="0.156" /><testcase classname="backend.tests.test_payments_backend" name="test_payments_require_auth[/payments/pass]" time="0.104" /><testcase classname="backend.tests.test_payments_backend" name="test_payments_require_auth[/payments/loan/anyid]" time="0.117" /><testcase classname="backend.tests.test_payments_backend" name="test_daily_returns_row_for_released_loan_day1_tomorrow" time="3.716" /><testcase classname="backend.tests.test_payments_backend" name="test_daily_only_lists_released_loans" time="0.105" /><testcase classname="backend.tests.test_payments_backend" name="test_collect_creates_paid_record_with_receipt" time="0.249" /><testcase classname="backend.tests.test_payments_backend" name="test_pass_after_collect_returns_400" time="0.105" /><testcase classname="backend.tests.test_payments_backend" name="test_pass_then_collect_upgrades_to_paid" time="0.331" /><testcase classname="backend.tests.test_payments_backend" name="test_collect_idempotent_on_same_day" time="0.333" /><testcase classname="backend.tests.test_payments_backend" name="test_loan_schedule_returns_full_terms" time="0.107" /><testcase classname="backend.tests.test_payments_backend" name="test_loan_schedule_404_for_unknown" time="0.105" /><testcase classname="backend.tests.test_payments_backend" name="test_daily_outstanding_filtering" time="0.372" /><testcase classname="backend.tests.test_payments_backend" name="test_collect_requires_loan_id_and_day" time="0.106"><failure message="assert 500 in (400, 422)&#10; +  where 500 = &lt;Response [500]&gt;.status_code">backend/tests/test_payments_backend.py:400: in test_collect_requires_loan_id_and_day
    assert r.status_code in (400, 422)
E   assert 500 in (400, 422)
E    +  where 500 = &lt;Response [500]&gt;.status_code</failure></testcase></testsuite></testsuites>