<?xml version="1.0" encoding="utf-8"?><testsuites name="pytest tests"><testsuite name="pytest" errors="0" failures="0" skipped="0" tests="21" time="16.338" timestamp="2026-04-25T14:48:50.285874+00:00" hostname="agent-env-42933b69-48df-4e0e-98d3-c2156e1af0b9"><testcase classname="backend.tests.test_efcis_backend" name="test_login_each_role[admin]" time="0.506" /><testcase classname="backend.tests.test_efcis_backend" name="test_login_each_role[field_collector]" time="0.336" /><testcase classname="backend.tests.test_efcis_backend" name="test_login_each_role[branch_assistant]" time="0.363" /><testcase classname="backend.tests.test_efcis_backend" name="test_login_each_role[branch_manager]" time="0.335" /><testcase classname="backend.tests.test_efcis_backend" name="test_login_each_role[verifier]" time="0.361" /><testcase classname="backend.tests.test_efcis_backend" name="test_login_each_role[area_manager]" time="0.360" /><testcase classname="backend.tests.test_efcis_backend" name="test_login_each_role[releasing_officer]" time="0.379" /><testcase classname="backend.tests.test_efcis_backend" name="test_login_invalid" time="0.340" /><testcase classname="backend.tests.test_efcis_backend" name="test_me_with_token" time="0.498" /><testcase classname="backend.tests.test_efcis_backend" name="test_me_without_token" time="0.111" /><testcase classname="backend.tests.test_efcis_backend" name="test_get_settings_public" time="0.150" /><testcase classname="backend.tests.test_efcis_backend" name="test_put_settings_admin" time="0.470" /><testcase classname="backend.tests.test_efcis_backend" name="test_put_settings_non_admin_forbidden" time="0.464" /><testcase classname="backend.tests.test_efcis_backend" name="test_fc_creates_application_with_control_no" time="0.482" /><testcase classname="backend.tests.test_efcis_backend" name="test_non_fc_cannot_create_application" time="2.242" /><testcase classname="backend.tests.test_efcis_backend" name="test_admin_can_create_application_due_to_admin_bypass" time="0.437" /><testcase classname="backend.tests.test_efcis_backend" name="test_list_applications_visibility" time="1.176" /><testcase classname="backend.tests.test_efcis_backend" name="test_update_mirrors_common_fields" time="0.781" /><testcase classname="backend.tests.test_efcis_backend" name="test_full_workflow_to_release" time="3.570" /><testcase classname="backend.tests.test_efcis_backend" name="test_reject_workflow" time="1.988" /><testcase classname="backend.tests.test_efcis_backend" name="test_release_forbidden_for_non_releasing_officer" time="0.859" /></testsuite></testsuites>