<?xml version="1.0" encoding="utf-8"?><testsuites name="pytest tests"><testsuite name="pytest" errors="0" failures="1" skipped="0" tests="35" time="40.890" timestamp="2026-05-10T06:39:19.595231+00:00" hostname="agent-env-42933b69-48df-4e0e-98d3-c2156e1af0b9"><testcase classname="backend.tests.test_efcis_backend" name="test_login_each_role[admin]" time="0.363" /><testcase classname="backend.tests.test_efcis_backend" name="test_login_each_role[field_collector]" time="0.339" /><testcase classname="backend.tests.test_efcis_backend" name="test_login_each_role[branch_assistant]" time="0.355" /><testcase classname="backend.tests.test_efcis_backend" name="test_login_each_role[branch_manager]" time="0.343" /><testcase classname="backend.tests.test_efcis_backend" name="test_login_each_role[verifier]" time="0.328" /><testcase classname="backend.tests.test_efcis_backend" name="test_login_each_role[area_manager]" time="0.322" /><testcase classname="backend.tests.test_efcis_backend" name="test_login_each_role[releasing_officer]" time="0.329" /><testcase classname="backend.tests.test_efcis_backend" name="test_login_invalid" time="0.319" /><testcase classname="backend.tests.test_efcis_backend" name="test_me_with_token" time="0.430" /><testcase classname="backend.tests.test_efcis_backend" name="test_me_without_token" time="0.104" /><testcase classname="backend.tests.test_efcis_backend" name="test_get_settings_public" time="0.127" /><testcase classname="backend.tests.test_efcis_backend" name="test_put_settings_admin" time="0.441" /><testcase classname="backend.tests.test_efcis_backend" name="test_put_settings_non_admin_forbidden" time="0.444" /><testcase classname="backend.tests.test_efcis_backend" name="test_fc_creates_application_with_control_no" time="0.432" /><testcase classname="backend.tests.test_efcis_backend" name="test_non_fc_cannot_create_application" time="2.204" /><testcase classname="backend.tests.test_efcis_backend" name="test_admin_can_create_application_due_to_admin_bypass" time="0.446" /><testcase classname="backend.tests.test_efcis_backend" name="test_list_applications_visibility" time="0.938" /><testcase classname="backend.tests.test_efcis_backend" name="test_update_mirrors_common_fields" time="0.536" /><testcase classname="backend.tests.test_efcis_backend" name="test_full_workflow_to_release" time="3.296" /><testcase classname="backend.tests.test_efcis_backend" name="test_reject_workflow" time="1.864" /><testcase classname="backend.tests.test_efcis_backend" name="test_release_forbidden_for_non_releasing_officer" time="0.874" /><testcase classname="backend.tests.test_payments_backend" name="test_payments_require_auth[/payments/daily]" time="0.096" /><testcase classname="backend.tests.test_payments_backend" name="test_payments_require_auth[/payments/collect]" time="0.103" /><testcase classname="backend.tests.test_payments_backend" name="test_payments_require_auth[/payments/pass]" time="0.110" /><testcase classname="backend.tests.test_payments_backend" name="test_payments_require_auth[/payments/loan/anyid]" time="0.158" /><testcase classname="backend.tests.test_payments_backend" name="test_daily_returns_row_for_released_loan_day1_tomorrow" time="23.720" /><testcase classname="backend.tests.test_payments_backend" name="test_daily_only_lists_released_loans" time="0.102" /><testcase classname="backend.tests.test_payments_backend" name="test_collect_creates_paid_record_with_receipt" time="0.203" /><testcase classname="backend.tests.test_payments_backend" name="test_pass_after_collect_returns_400" time="0.103" /><testcase classname="backend.tests.test_payments_backend" name="test_pass_then_collect_upgrades_to_paid" time="0.328" /><testcase classname="backend.tests.test_payments_backend" name="test_collect_idempotent_on_same_day" time="0.332" /><testcase classname="backend.tests.test_payments_backend" name="test_loan_schedule_returns_full_terms" time="0.130" /><testcase classname="backend.tests.test_payments_backend" name="test_loan_schedule_404_for_unknown" time="0.109" /><testcase classname="backend.tests.test_payments_backend" name="test_daily_outstanding_filtering" time="0.356" /><testcase classname="backend.tests.test_payments_backend" name="test_collect_requires_loan_id_and_day" time="0.106"><failure message="assert 500 in (400, 422)&#10; +  where 500 = &lt;Response [500]&gt;.status_code">backend/tests/test_payments_backend.py:400: in test_collect_requires_loan_id_and_day
    assert r.status_code in (400, 422)
E   assert 500 in (400, 422)
E    +  where 500 = &lt;Response [500]&gt;.status_code</failure></testcase></testsuite></testsuites>