<?xml version="1.0" encoding="utf-8"?><testsuites name="pytest tests"><testsuite name="pytest" errors="0" failures="0" skipped="0" tests="33" time="32.090" timestamp="2026-05-11T11:13:43.658806+00:00" hostname="agent-env-42933b69-48df-4e0e-98d3-c2156e1af0b9"><testcase classname="backend.tests.test_users_attendance_backend.TestUsersAuth" name="test_users_requires_auth" time="0.201" /><testcase classname="backend.tests.test_users_attendance_backend.TestUsersAuth" name="test_users_non_admin_forbidden" time="0.457" /><testcase classname="backend.tests.test_users_attendance_backend.TestUsersAuth" name="test_create_user_non_admin_forbidden" time="0.111" /><testcase classname="backend.tests.test_users_attendance_backend.TestUsersList" name="test_list_users_excludes_password_hash" time="0.441" /><testcase classname="backend.tests.test_users_attendance_backend.TestUsersCRUD" name="test_create_user_success" time="0.448" /><testcase classname="backend.tests.test_users_attendance_backend.TestUsersCRUD" name="test_create_user_duplicate_email" time="0.508" /><testcase classname="backend.tests.test_users_attendance_backend.TestUsersCRUD" name="test_create_user_missing_fields" time="0.109" /><testcase classname="backend.tests.test_users_attendance_backend.TestUsersCRUD" name="test_update_user_fields" time="1.380" /><testcase classname="backend.tests.test_users_attendance_backend.TestUsersCRUD" name="test_update_user_email_conflict" time="0.786" /><testcase classname="backend.tests.test_users_attendance_backend.TestUsersCRUD" name="test_delete_user_self_blocked" time="0.231" /><testcase classname="backend.tests.test_users_attendance_backend.TestUsersCRUD" name="test_delete_other_user" time="0.619" /><testcase classname="backend.tests.test_users_attendance_backend.TestUsersCRUD" name="test_delete_user_not_found" time="0.111" /><testcase classname="backend.tests.test_users_attendance_backend.TestUsersCRUD" name="test_new_user_login_and_check_in" time="0.903" /><testcase classname="backend.tests.test_users_attendance_backend.TestAttendanceAuth" name="test_check_in_requires_auth" time="0.136" /><testcase classname="backend.tests.test_users_attendance_backend.TestAttendanceAuth" name="test_check_out_requires_auth" time="0.110" /><testcase classname="backend.tests.test_users_attendance_backend.TestAttendanceAuth" name="test_attendance_today_requires_auth" time="0.118" /><testcase classname="backend.tests.test_users_attendance_backend.TestAttendanceAuth" name="test_attendance_me_requires_auth" time="0.118" /><testcase classname="backend.tests.test_users_attendance_backend.TestAttendanceAuth" name="test_attendance_admin_requires_auth" time="0.098" /><testcase classname="backend.tests.test_users_attendance_backend.TestAttendanceAuth" name="test_attendance_admin_non_admin_forbidden" time="0.123" /><testcase classname="backend.tests.test_users_attendance_backend.TestAttendanceFlow" name="test_today_empty_initially" time="0.778" /><testcase classname="backend.tests.test_users_attendance_backend.TestAttendanceFlow" name="test_check_in_creates_record" time="0.116" /><testcase classname="backend.tests.test_users_attendance_backend.TestAttendanceFlow" name="test_check_in_twice_returns_400" time="0.112" /><testcase classname="backend.tests.test_users_attendance_backend.TestAttendanceFlow" name="test_today_returns_record" time="0.099" /><testcase classname="backend.tests.test_users_attendance_backend.TestAttendanceFlow" name="test_check_out_success" time="0.118" /><testcase classname="backend.tests.test_users_attendance_backend.TestAttendanceFlow" name="test_check_out_twice_returns_400" time="0.108" /><testcase classname="backend.tests.test_users_attendance_backend.TestAttendanceFlow" name="test_attendance_me_returns_history" time="0.156" /><testcase classname="backend.tests.test_users_attendance_backend.TestAttendanceCheckOutWithoutCheckIn" name="test_check_out_without_check_in" time="0.770" /><testcase classname="backend.tests.test_users_attendance_backend.TestAttendanceAdmin" name="test_admin_list_attendance" time="0.103" /><testcase classname="backend.tests.test_users_attendance_backend.TestAttendanceAdmin" name="test_admin_update_attendance_status" time="0.454" /><testcase classname="backend.tests.test_users_attendance_backend.TestAttendancePayroll" name="test_payroll_admin_only" time="0.099" /><testcase classname="backend.tests.test_users_attendance_backend.TestAttendancePayroll" name="test_payroll_computation" time="0.371" /><testcase classname="backend.tests.test_users_attendance_backend.TestAttendancePayroll" name="test_payroll_default_daily_rate" time="0.121" /><testcase classname="backend.tests.test_users_attendance_backend.TestAttendancePayroll" name="test_payroll_late_counts_in_gross" time="21.558" /></testsuite></testsuites>